<?xml version="1.0" encoding="UTF-8"?>
<testsuite name="com.bridgelabz.selenium.test.Log4j_And_Reports_Test" tests="1" skipped="0" failures="0" errors="0" timestamp="2021-07-21T11:48:03" hostname="LAPTOP-GG01EQKS" time="23.201">
  <properties/>
  <testcase name="login" classname="com.bridgelabz.selenium.test.Log4j_And_Reports_Test" time="23.201"/>
  <system-out><![CDATA[[INFO ] 2021-07-21 17:18:03.167 [Test worker] Log - loginTest is starting
[INFO ] 2021-07-21 17:18:03.237 [Test worker] Log - Clicking on SignIn button
[INFO ] 2021-07-21 17:18:06.527 [Test worker] Log - Sending email using sendKeys
[INFO ] 2021-07-21 17:18:06.618 [Test worker] Log - sending password using sendKeys
[INFO ] 2021-07-21 17:18:06.690 [Test worker] Log - clicking on signIn for logging into application
[INFO ] 2021-07-21 17:18:26.358 [Test worker] Log - getting title of page
Login Successfull..!
Method passed login
[INFO ] 2021-07-21 17:18:26.370 [Test worker] Log - Test is successfully passed
]]></system-out>
  <system-err><![CDATA[]]></system-err>
</testsuite>
